<?xml version="1.0" encoding="UTF-8"?>
<!-- Generated by org.testng.reporters.JUnitReportReporter -->
<testsuite skipped="0" hostname="zurbagan3" name="org.andestech.learning.rfb19.g4.App3Test" tests="1" failures="0" timestamp="20 мая 2019 15:36:13 GMT" time="0.011" errors="0">
  <testcase name="checker05Test" time="0.011" classname="org.andestech.learning.rfb19.g4.App3Test"/>
</testsuite> <!-- org.andestech.learning.rfb19.g4.App3Test -->
